[35m[Appium][39m Welcome to Appium v1.18.1
[35m[Appium][39m Non-default server args:
[35m[Appium][39m   port: 60907
[35m[Appium][39m   tmpDir: /var/folders/16/_004d37966qdl022b1xj8lhc0000gp/T//Katalon/Appium/Temp1598635165364
[35m[Appium][39m   chromedriverPort: 60908
[35m[Appium][39m Deprecated server args:
[35m[Appium][39m   [31m--chromedriver-port[39m => --default-capabilities '{"chromedriverPort":60908}'
[35m[Appium][39m Default capabilities, which will be added to each request unless overridden by desired capabilities:
[35m[Appium][39m   chromedriverPort: 60908
[35m[Appium][39m Appium REST http interface listener started on 0.0.0.0:60907
[35m[HTTP][39m [37m-->[39m [37mGET[39m [37m/wd/hub/status[39m
[35m[HTTP][39m [90m{}[39m
[debug] [35m[GENERIC][39m Calling AppiumDriver.getStatus() with args: []
[debug] [35m[GENERIC][39m Responding to client with driver.getStatus() result: {"build":{"version":"1.18.1"}}
[35m[HTTP][39m [37m<-- GET /wd/hub/status [39m[32m200[39m [90m6 ms - 68[39m
[35m[HTTP][39m [90m[39m
[35m[HTTP][39m [37m-->[39m [37mGET[39m [37m/wd/hub/status[39m
[35m[HTTP][39m [90m{}[39m
[debug] [35m[GENERIC][39m Calling AppiumDriver.getStatus() with args: []
[debug] [35m[GENERIC][39m Responding to client with driver.getStatus() result: {"build":{"version":"1.18.1"}}
[35m[HTTP][39m [37m<-- GET /wd/hub/status [39m[32m200[39m [90m1 ms - 68[39m
[35m[HTTP][39m [90m[39m
[35m[HTTP][39m [37m-->[39m [37mPOST[39m [37m/wd/hub/session[39m
[35m[HTTP][39m [90m{"desiredCapabilities":{"appActivity":".Settings","appPackage":"com.android.settings","newCommandTimeout":1800,"platformVersion":"10","automationName":"uiautomator2","autoGrantPermissions":true,"platformName":"Android","udid":"RR8N4031D4A","deviceName":"samsung SM-A307GN (Android 10)","platform":"ANDROID","systemPort":8280},"capabilities":{"firstMatch":[{"appium:appActivity":".Settings","appium:appPackage":"com.android.settings","appium:autoGrantPermissions":true,"appium:automationName":"uiautomator2","appium:deviceName":"samsung SM-A307GN (Android 10)","appium:newCommandTimeout":1800,"platform":"ANDROID","platformName":"android","appium:platformVersion":"10","appium:systemPort":8280,"appium:udid":"RR8N4031D4A"}]}}[39m
[debug] [35m[W3C][39m Calling AppiumDriver.createSession() with args: [{"appActivity":".Settings","appPackage":"com.android.settings","newCommandTimeout":1800,"platformVersion":"10","automationName":"uiautomator2","autoGrantPermissions":true,"platformName":"Android","udid":"RR8N4031D4A","deviceName":"samsung SM-A307GN (Android 10)","platform":"ANDROID","systemPort":8280},null,{"firstMatch":[{"appium:appActivity":".Settings","appium:appPackage":"com.android.settings","appium:autoGrantPermissions":true,"appium:automationName":"uiautomator2","appium:deviceName":"samsung SM-A307GN (Android 10)","appium:newCommandTimeout":1800,"platform":"ANDROID","platformName":"android","appium:platformVersion":"10","appium:systemPort":8280,"appium:udid":"RR8N4031D4A"}]}]
[debug] [35m[BaseDriver][39m Event 'newSessionRequested' logged at 1598635167617 (00:19:27 GMT+0700 (Western Indonesia Time))
[35m[BaseDriver][39m The following capabilities are not standard capabilities and should have an extension prefix:
[35m[BaseDriver][39m   platform
[35m[BaseDriver][39m   chromedriverPort
[35m[Appium][39m Appium v1.18.1 creating new AndroidUiautomator2Driver (v1.56.1) session
[debug] [35m[BaseDriver][39m W3C capabilities and MJSONWP desired capabilities were provided
[debug] [35m[BaseDriver][39m Creating session with W3C capabilities: {
[debug] [35m[BaseDriver][39m   "alwaysMatch": {
[debug] [35m[BaseDriver][39m     "appium:platform": "ANDROID",
[debug] [35m[BaseDriver][39m     "platformName": "android",
[debug] [35m[BaseDriver][39m     "appium:chromedriverPort": 60908,
[debug] [35m[BaseDriver][39m     "appium:appActivity": ".Settings",
[debug] [35m[BaseDriver][39m     "appium:appPackage": "com.android.settings",
[debug] [35m[BaseDriver][39m     "appium:autoGrantPermissions": true,
[debug] [35m[BaseDriver][39m     "appium:automationName": "uiautomator2",
[debug] [35m[BaseDriver][39m     "appium:deviceName": "samsung SM-A307GN (Android 10)",
[debug] [35m[BaseDriver][39m     "appium:newCommandTimeout": 1800,
[debug] [35m[BaseDriver][39m     "appium:platformVersion": "10",
[debug] [35m[BaseDriver][39m     "appium:systemPort": 8280,
[debug] [35m[BaseDriver][39m     "appium:udid": "RR8N4031D4A"
[debug] [35m[BaseDriver][39m   },
[debug] [35m[BaseDriver][39m   "firstMatch": [
[debug] [35m[BaseDriver][39m     {}
[debug] [35m[BaseDriver][39m   ]
[debug] [35m[BaseDriver][39m }
[35m[BaseDriver][39m The following capabilities were provided, but are not recognized by Appium:
[35m[BaseDriver][39m   platform
[35m[BaseDriver][39m Session created with session id: 55084614-f07e-4155-89dc-51863eee05be
[35m[UiAutomator2][39m Starting 'com.android.settings' directly on the device
[35m[ADB][39m Found 1 'build-tools' folders under '/Users/happyfresh/.katalon/tools/android_sdk' (newest first):
[35m[ADB][39m     /Users/happyfresh/.katalon/tools/android_sdk/build-tools/29.0.3
[35m[ADB][39m Using 'adb' from '/Users/happyfresh/.katalon/tools/android_sdk/platform-tools/adb'
[debug] [35m[ADB][39m Running '/Users/happyfresh/.katalon/tools/android_sdk/platform-tools/adb -P 5037 start-server'
[35m[AndroidDriver][39m Retrieving device list
[debug] [35m[ADB][39m Trying to find a connected android device
[debug] [35m[ADB][39m Getting connected devices
[debug] [35m[ADB][39m Connected devices: [{"udid":"RR8N4031D4A","state":"device"}]
[35m[AndroidDriver][39m Using device: RR8N4031D4A
[35m[ADB][39m Using 'adb' from '/Users/happyfresh/.katalon/tools/android_sdk/platform-tools/adb'
[debug] [35m[ADB][39m Running '/Users/happyfresh/.katalon/tools/android_sdk/platform-tools/adb -P 5037 start-server'
[debug] [35m[ADB][39m Setting device id to RR8N4031D4A
[debug] [35m[ADB][39m Running '/Users/happyfresh/.katalon/tools/android_sdk/platform-tools/adb -P 5037 -s RR8N4031D4A shell getprop ro.build.version.sdk'
[debug] [35m[ADB][39m Current device property 'ro.build.version.sdk': 29
[35m[ADB][39m Getting device platform version
[debug] [35m[ADB][39m Running '/Users/happyfresh/.katalon/tools/android_sdk/platform-tools/adb -P 5037 -s RR8N4031D4A shell getprop ro.build.version.release'
[debug] [35m[ADB][39m Current device property 'ro.build.version.release': 10
[debug] [35m[ADB][39m Device API level: 29
[35m[UiAutomator2][39m Relaxing hidden api policy
[debug] [35m[ADB][39m Running '/Users/happyfresh/.katalon/tools/android_sdk/platform-tools/adb -P 5037 -s RR8N4031D4A shell 'settings put global hidden_api_policy_pre_p_apps 1;settings put global hidden_api_policy_p_apps 1;settings put global hidden_api_policy 1''
[35m[AndroidDriver][39m No app sent in, not parsing package/activity
[debug] [35m[ADB][39m Running '/Users/happyfresh/.katalon/tools/android_sdk/platform-tools/adb -P 5037 -s RR8N4031D4A wait-for-device'
[debug] [35m[ADB][39m Running '/Users/happyfresh/.katalon/tools/android_sdk/platform-tools/adb -P 5037 -s RR8N4031D4A shell echo ping'
[debug] [35m[AndroidDriver][39m Pushing settings apk to device...
[debug] [35m[ADB][39m Getting install status for io.appium.settings
[debug] [35m[ADB][39m Running '/Users/happyfresh/.katalon/tools/android_sdk/platform-tools/adb -P 5037 -s RR8N4031D4A shell dumpsys package io.appium.settings'
[debug] [35m[ADB][39m 'io.appium.settings' is installed
[debug] [35m[ADB][39m Getting package info for 'io.appium.settings'
[debug] [35m[ADB][39m Running '/Users/happyfresh/.katalon/tools/android_sdk/platform-tools/adb -P 5037 -s RR8N4031D4A shell dumpsys package io.appium.settings'
[debug] [35m[ADB][39m The version name of the installed 'io.appium.settings' is greater or equal to the application version name ('3.2.0' >= '3.2.0')
[debug] [35m[ADB][39m There is no need to install/upgrade '/usr/local/lib/node_modules/appium/node_modules/io.appium.settings/apks/settings_apk-debug.apk'
[debug] [35m[ADB][39m Getting IDs of all 'io.appium.settings' processes
[debug] [35m[ADB][39m Running '/Users/happyfresh/.katalon/tools/android_sdk/platform-tools/adb -P 5037 -s RR8N4031D4A shell 'pgrep --help; echo $?''
[debug] [35m[ADB][39m Running '/Users/happyfresh/.katalon/tools/android_sdk/platform-tools/adb -P 5037 -s RR8N4031D4A shell pgrep -f io\\.appium\\.settings'
[debug] [35m[AndroidDriver][39m io.appium.settings is already running. There is no need to reset its permissions.
[debug] [35m[ADB][39m Running '/Users/happyfresh/.katalon/tools/android_sdk/platform-tools/adb -P 5037 -s RR8N4031D4A shell appops set io.appium.settings android\:mock_location allow'
[debug] [35m[Logcat][39m Starting logs capture with command: /Users/happyfresh/.katalon/tools/android_sdk/platform-tools/adb -P 5037 -s RR8N4031D4A logcat -v threadtime
[debug] [35m[UiAutomator2][39m Forwarding UiAutomator2 Server port 6790 to 8280
[debug] [35m[ADB][39m Forwarding system: 8280 to device: 6790
[debug] [35m[ADB][39m Running '/Users/happyfresh/.katalon/tools/android_sdk/platform-tools/adb -P 5037 -s RR8N4031D4A forward tcp\:8280 tcp\:6790'
[debug] [35m[ADB][39m Getting install status for io.appium.uiautomator2.server
[debug] [35m[ADB][39m Running '/Users/happyfresh/.katalon/tools/android_sdk/platform-tools/adb -P 5037 -s RR8N4031D4A shell dumpsys package io.appium.uiautomator2.server'
[debug] [35m[ADB][39m 'io.appium.uiautomator2.server' is installed
[debug] [35m[ADB][39m Getting package info for 'io.appium.uiautomator2.server'
[debug] [35m[ADB][39m Running '/Users/happyfresh/.katalon/tools/android_sdk/platform-tools/adb -P 5037 -s RR8N4031D4A shell dumpsys package io.appium.uiautomator2.server'
[debug] [35m[ADB][39m The version name of the installed 'io.appium.uiautomator2.server' is greater or equal to the application version name ('4.12.2' >= '4.12.2')
[debug] [35m[UiAutomator2][39m io.appium.uiautomator2.server installation state: sameVersionInstalled
[debug] [35m[ADB][39m Checking app cert for /usr/local/lib/node_modules/appium/node_modules/appium-uiautomator2-server/apks/appium-uiautomator2-server-v4.12.2.apk
[35m[ADB][39m Using 'apksigner.jar' from '/Users/happyfresh/.katalon/tools/android_sdk/build-tools/29.0.3/lib/apksigner.jar'
[debug] [35m[ADB][39m Starting apksigner: '/Applications/Katalon Studio.app/Contents/Eclipse/jre/Contents/Home/jre/bin/java' -Xmx1024M -Xss1m -jar /Users/happyfresh/.katalon/tools/android_sdk/build-tools/29.0.3/lib/apksigner.jar verify --print-certs /usr/local/lib/node_modules/appium/node_modules/appium-uiautomator2-server/apks/appium-uiautomator2-server-v4.12.2.apk
[debug] [35m[ADB][39m apksigner stdout: Signer #1 certificate DN: EMAILADDRESS=android@android.com, CN=Android, OU=Android, O=Android, L=Mountain View, ST=California, C=US
[debug] [35m[ADB][39m Signer #1 certificate SHA-256 digest: a40da80a59d170caa950cf15c18c454d47a39b26989d8b640ecd745ba71bf5dc
[debug] [35m[ADB][39m Signer #1 certificate SHA-1 digest: 61ed377e85d386a8dfee6b864bd85b0bfaa5af81
[debug] [35m[ADB][39m Signer #1 certificate MD5 digest: e89b158e4bcf988ebd09eb83f5378e87
[debug] [35m[ADB][39m 
[debug] [35m[ADB][39m '/usr/local/lib/node_modules/appium/node_modules/appium-uiautomator2-server/apks/appium-uiautomator2-server-v4.12.2.apk' is signed with the default certificate
[debug] [35m[ADB][39m Getting install status for io.appium.uiautomator2.server.test
[debug] [35m[ADB][39m Running '/Users/happyfresh/.katalon/tools/android_sdk/platform-tools/adb -P 5037 -s RR8N4031D4A shell dumpsys package io.appium.uiautomator2.server.test'
[debug] [35m[ADB][39m 'io.appium.uiautomator2.server.test' is installed
[debug] [35m[ADB][39m Checking app cert for /usr/local/lib/node_modules/appium/node_modules/appium-uiautomator2-server/apks/appium-uiautomator2-server-debug-androidTest.apk
[debug] [35m[ADB][39m Starting apksigner: '/Applications/Katalon Studio.app/Contents/Eclipse/jre/Contents/Home/jre/bin/java' -Xmx1024M -Xss1m -jar /Users/happyfresh/.katalon/tools/android_sdk/build-tools/29.0.3/lib/apksigner.jar verify --print-certs /usr/local/lib/node_modules/appium/node_modules/appium-uiautomator2-server/apks/appium-uiautomator2-server-debug-androidTest.apk
[debug] [35m[ADB][39m apksigner stdout: Signer #1 certificate DN: EMAILADDRESS=android@android.com, CN=Android, OU=Android, O=Android, L=Mountain View, ST=California, C=US
[debug] [35m[ADB][39m Signer #1 certificate SHA-256 digest: a40da80a59d170caa950cf15c18c454d47a39b26989d8b640ecd745ba71bf5dc
[debug] [35m[ADB][39m Signer #1 certificate SHA-1 digest: 61ed377e85d386a8dfee6b864bd85b0bfaa5af81
[debug] [35m[ADB][39m Signer #1 certificate MD5 digest: e89b158e4bcf988ebd09eb83f5378e87
[debug] [35m[ADB][39m 
[debug] [35m[ADB][39m '/usr/local/lib/node_modules/appium/node_modules/appium-uiautomator2-server/apks/appium-uiautomator2-server-debug-androidTest.apk' is signed with the default certificate
[35m[UiAutomator2][39m Server packages are not going to be (re)installed
[debug] [35m[UiAutomator2][39m Waiting up to 30000ms for services to be available
[debug] [35m[ADB][39m Running '/Users/happyfresh/.katalon/tools/android_sdk/platform-tools/adb -P 5037 -s RR8N4031D4A shell pm list instrumentation'
[debug] [35m[UiAutomator2][39m Instrumentation target 'io.appium.uiautomator2.server.test/androidx.test.runner.AndroidJUnitRunner' is available
[debug] [35m[UiAutomator2][39m No app capability. Assuming it is already on the device
[debug] [35m[ADB][39m Getting install status for com.android.settings
[debug] [35m[ADB][39m Running '/Users/happyfresh/.katalon/tools/android_sdk/platform-tools/adb -P 5037 -s RR8N4031D4A shell dumpsys package com.android.settings'
[debug] [35m[ADB][39m 'com.android.settings' is installed
[debug] [35m[ADB][39m Running '/Users/happyfresh/.katalon/tools/android_sdk/platform-tools/adb -P 5037 -s RR8N4031D4A shell am force-stop com.android.settings'
[debug] [35m[ADB][39m Running '/Users/happyfresh/.katalon/tools/android_sdk/platform-tools/adb -P 5037 -s RR8N4031D4A shell pm clear com.android.settings'
[debug] [35m[ADB][39m Running '/Users/happyfresh/.katalon/tools/android_sdk/platform-tools/adb -P 5037 -s RR8N4031D4A shell dumpsys package com.android.settings'
[debug] [35m[ADB][39m Retrieving requested permissions
[debug] [35m[ADB][39m Retrieved 104 permissions from requested group
[debug] [35m[ADB][39m Retrieving granted permissions
[debug] [35m[ADB][39m Retrieved 255 permissions from install,runtime groups
[35m[ADB][39m com.android.settings contains no permissions available for granting
[debug] [35m[AndroidDriver][39m Performed fast reset on the installed 'com.android.settings' application (stop and clear)
[debug] [35m[UiAutomator2][39m Performing shallow cleanup of automation leftovers
[debug] [35m[UiAutomator2][39m No obsolete sessions have been detected (socket hang up)
[debug] [35m[ADB][39m Running '/Users/happyfresh/.katalon/tools/android_sdk/platform-tools/adb -P 5037 -s RR8N4031D4A shell am force-stop io.appium.uiautomator2.server.test'
[35m[UiAutomator2][39m Starting UIAutomator2 server 4.12.2
[35m[UiAutomator2][39m Using UIAutomator2 server from '/usr/local/lib/node_modules/appium/node_modules/appium-uiautomator2-server/apks/appium-uiautomator2-server-v4.12.2.apk' and test from '/usr/local/lib/node_modules/appium/node_modules/appium-uiautomator2-server/apks/appium-uiautomator2-server-debug-androidTest.apk'
[35m[UiAutomator2][39m Waiting up to 30000ms for UiAutomator2 to be online...
[debug] [35m[ADB][39m Creating ADB subprocess with args: ["-P",5037,"-s","RR8N4031D4A","shell","am","instrument","-w","io.appium.uiautomator2.server.test/androidx.test.runner.AndroidJUnitRunner"]
[debug] [35m[WD Proxy][39m Matched '/status' to command name 'getStatus'
[debug] [35m[WD Proxy][39m Proxying [GET /status] to [GET http://127.0.0.1:8280/wd/hub/status] with no body
[35m[WD Proxy][39m socket hang up
[debug] [35m[Instrumentation][39m io.appium.uiautomator2.server.test.AppiumUiAutomator2Server:
[debug] [35m[WD Proxy][39m Matched '/status' to command name 'getStatus'
[debug] [35m[WD Proxy][39m Proxying [GET /status] to [GET http://127.0.0.1:8280/wd/hub/status] with no body
[35m[WD Proxy][39m socket hang up
[debug] [35m[WD Proxy][39m Matched '/status' to command name 'getStatus'
[debug] [35m[WD Proxy][39m Proxying [GET /status] to [GET http://127.0.0.1:8280/wd/hub/status] with no body
[35m[WD Proxy][39m socket hang up
[debug] [35m[WD Proxy][39m Matched '/status' to command name 'getStatus'
[debug] [35m[WD Proxy][39m Proxying [GET /status] to [GET http://127.0.0.1:8280/wd/hub/status] with no body
[debug] [35m[WD Proxy][39m Got response with status 200: {"sessionId":"None","value":{"message":"UiAutomator2 Server is ready to accept commands","ready":true}}
[debug] [35m[UiAutomator2][39m The initialization of the instrumentation process took 4259ms
[debug] [35m[WD Proxy][39m Matched '/session' to command name 'createSession'
[debug] [35m[WD Proxy][39m Proxying [POST /session] to [POST http://127.0.0.1:8280/wd/hub/session] with body: {"capabilities":{"firstMatch":[{"platform":"ANDROID","webStorageEnabled":false,"takesScreenshot":true,"javascriptEnabled":true,"databaseEnabled":false,"networkConnectionEnabled":true,"locationContextEnabled":false,"warnings":{},"desired":{"platformName":"android","platform":"ANDROID","chromedriverPort":60908,"appActivity":".Settings","appPackage":"com.android.settings","autoGrantPermissions":true,"automationName":"uiautomator2","deviceName":"samsung SM-A307GN (Android 10)","newCommandTimeout":1800,"platformVersion":"10","systemPort":8280,"udid":"RR8N4031D4A"},"platformName":"android","chromedriverPort":60908,"appActivity":".Settings","appPackage":"com.android.settings","autoGrantPermissions":true,"automationName":"uiautomator2","deviceName":"RR8N4031D4A","newCommandTimeout":1800,"platformVersion":"10","systemPort":8280,"udid":"RR8N4031D4A","deviceUDID":"RR8N4031D4A"}],"alwaysMatch":{}}}
[debug] [35m[WD Proxy][39m Got response with status 200: {"sessionId":"ca8238d0-0f84-4b48-b41e-fec90e151fd1","value":{"capabilities":{"firstMatch":[{"platform":"ANDROID","webStorageEnabled":false,"takesScreenshot":true,"javascriptEnabled":true,"databaseEnabled":false,"networkConnectionEnabled":true,"locationContextEnabled":false,"warnings":{},"desired":{"platformName":"android","platform":"ANDROID","chromedriverPort":60908,"appActivity":".Settings","appPackage":"com.android.settings","autoGrantPermissions":true,"automationName":"uiautomator2","deviceName":"samsung SM-A307GN (Android 10)","newCommandTimeout":1800,"platformVersion":"10","systemPort":8280,"udid":"RR8N4031D4A"},"platformName":"android","chromedriverPort":60908,"appActivity":".Settings","appPackage":"com.android.settings","autoGrantPermissions":true,"automationName":"uiautomator2","deviceName":"RR8N4031D4A","newCommandTimeout":1800,"platformVersion":"10","systemPort":8280,"udid":"RR8N4031D4A","deviceUDID":"RR8N4031D4A"}],"alwaysMatch":{}},"sessionId":"ca8238d0-0f84-4b48-b41e-fec90e151fd1"}}
[35m[WD Proxy][39m Determined the downstream protocol as 'W3C'
[debug] [35m[WD Proxy][39m Proxying [GET /appium/device/info] to [GET http://127.0.0.1:8280/wd/hub/session/ca8238d0-0f84-4b48-b41e-fec90e151fd1/appium/device/info] with no body
[debug] [35m[WD Proxy][39m Got response with status 200: {"sessionId":"ca8238d0-0f84-4b48-b41e-fec90e151fd1","value":{"androidId":"ce9007729b417f75","apiVersion":"29","bluetooth":{"state":"OFF"},"brand":"samsung","carrierName":"Indosat Ooredoo","displayDensity":280,"locale":"en_GB","manufacturer":"samsung","model":"SM-A307GN","networks":[{"capabilities":{"SSID":null,"linkDownBandwidthKbps":102400,"linkUpstreamBandwidthKbps":51200,"networkCapabilities":"NET_CAPABILITY_INTERNET,NET_CAPABILITY_NOT_RESTRICTED,NET_CAPABILITY_TRUSTED,NET_CAPABILITY_NOT_VPN,NET_CAPABILITY_VALIDATED,NET_CAPABILITY_NOT_ROAMING,NET_CAPABILITY_FOREGROUND,NET_CAPABILITY_NOT_CONGESTED,NET_CAPABILITY_NOT_SUSPENDED","signalStrength":-2147483648,"transportTypes":"TRANSPORT_CELLULAR"},"detailedState":"CONNECTED","extraInfo":"wap.indosat-m3.net","isAvailable":true,"isConnected":true,"isFailover":false,"isRoaming":false,"state":"CONNECTED","subtype":13,"subtypeName":"LTE","type":0,"typeName":"MOBILE"}],"platformVersion":"10","realDisplaySize":"720x1560","timeZone":"Asia/Jakarta"}}
[debug] [35m[ADB][39m Running '/Users/happyfresh/.katalon/tools/android_sdk/platform-tools/adb -P 5037 -s RR8N4031D4A shell dumpsys window'
[35m[AndroidDriver][39m Screen already unlocked, doing nothing
[35m[UiAutomator2][39m Starting 'com.android.settings/.Settings and waiting for 'com.android.settings/.Settings'
[debug] [35m[ADB][39m Running '/Users/happyfresh/.katalon/tools/android_sdk/platform-tools/adb -P 5037 -s RR8N4031D4A shell am start -W -n com.android.settings/.Settings -S -a android.intent.action.MAIN -c android.intent.category.LAUNCHER -f 0x10200000'
[debug] [35m[WD Proxy][39m Proxying [GET /appium/device/pixel_ratio] to [GET http://127.0.0.1:8280/wd/hub/session/ca8238d0-0f84-4b48-b41e-fec90e151fd1/appium/device/pixel_ratio] with no body
[debug] [35m[WD Proxy][39m Got response with status 200: {"sessionId":"ca8238d0-0f84-4b48-b41e-fec90e151fd1","value":1.75}
[debug] [35m[WD Proxy][39m Matched '/appium/device/system_bars' to command name 'getSystemBars'
[debug] [35m[WD Proxy][39m Proxying [GET /appium/device/system_bars] to [GET http://127.0.0.1:8280/wd/hub/session/ca8238d0-0f84-4b48-b41e-fec90e151fd1/appium/device/system_bars] with no body
[debug] [35m[WD Proxy][39m Got response with status 200: {"sessionId":"ca8238d0-0f84-4b48-b41e-fec90e151fd1","value":{"statusBar":53}}
[debug] [35m[WD Proxy][39m Matched '/window/current/size' to command name 'getWindowSize'
[debug] [35m[WD Proxy][39m Proxying [GET /window/current/size] to [GET http://127.0.0.1:8280/wd/hub/session/ca8238d0-0f84-4b48-b41e-fec90e151fd1/window/current/size] with no body
[debug] [35m[WD Proxy][39m Got response with status 200: {"sessionId":"ca8238d0-0f84-4b48-b41e-fec90e151fd1","value":{"height":1481,"width":720}}
[35m[Appium][39m New AndroidUiautomator2Driver session created successfully, session 55084614-f07e-4155-89dc-51863eee05be added to master session list
[debug] [35m[BaseDriver][39m Event 'newSessionStarted' logged at 1598635178829 (00:19:38 GMT+0700 (Western Indonesia Time))
[debug] [35m[W3C (55084614)][39m Cached the protocol value 'W3C' for the new session 55084614-f07e-4155-89dc-51863eee05be
[debug] [35m[W3C (55084614)][39m Responding to client with driver.createSession() result: {"capabilities":{"platform":"ANDROID","webStorageEnabled":false,"takesScreenshot":true,"javascriptEnabled":true,"databaseEnabled":false,"networkConnectionEnabled":true,"locationContextEnabled":false,"warnings":{},"desired":{"platformName":"android","platform":"ANDROID","chromedriverPort":60908,"appActivity":".Settings","appPackage":"com.android.settings","autoGrantPermissions":true,"automationName":"uiautomator2","deviceName":"samsung SM-A307GN (Android 10)","newCommandTimeout":1800,"platformVersion":"10","systemPort":8280,"udid":"RR8N4031D4A"},"platformName":"android","chromedriverPort":60908,"appActivity":".Settings","appPackage":"com.android.settings","autoGrantPermissions":true,"automationName":"uiautomator2","deviceName":"RR8N4031D4A","newCommandTimeout":1800,"platformVersion":"10","systemPort":8280,"udid":"RR8N4031D4A","deviceUDID":"RR8N4031D4A","deviceApiLevel":29,"deviceScreenSize":"720x1560","deviceScreenDensity":280,"deviceModel":"SM-A307GN","deviceManufacturer":"samsung","pixelRatio":1.75,"statB...
[35m[HTTP][39m [37m<-- POST /wd/hub/session [39m[32m200[39m [90m11214 ms - 1157[39m
[35m[HTTP][39m [90m[39m
[35m[HTTP][39m [37m-->[39m [37mGET[39m [37m/wd/hub/session/55084614-f07e-4155-89dc-51863eee05be[39m
[35m[HTTP][39m [90m{}[39m
[debug] [35m[W3C (55084614)][39m Calling AppiumDriver.getSession() with args: ["55084614-f07e-4155-89dc-51863eee05be"]
[debug] [35m[UiAutomator2][39m Getting session details from server to mix in
[debug] [35m[WD Proxy][39m Matched '/' to command name 'getSession'
[debug] [35m[WD Proxy][39m Proxying [GET /] to [GET http://127.0.0.1:8280/wd/hub/session/ca8238d0-0f84-4b48-b41e-fec90e151fd1] with no body
[debug] [35m[WD Proxy][39m Got response with status 200: {"sessionId":"ca8238d0-0f84-4b48-b41e-fec90e151fd1","value":{"lastScrollData":null}}
[debug] [35m[W3C (55084614)][39m Responding to client with driver.getSession() result: {"platform":"ANDROID","webStorageEnabled":false,"takesScreenshot":true,"javascriptEnabled":true,"databaseEnabled":false,"networkConnectionEnabled":true,"locationContextEnabled":false,"warnings":{},"desired":{"platformName":"android","platform":"ANDROID","chromedriverPort":60908,"appActivity":".Settings","appPackage":"com.android.settings","autoGrantPermissions":true,"automationName":"uiautomator2","deviceName":"samsung SM-A307GN (Android 10)","newCommandTimeout":1800,"platformVersion":"10","systemPort":8280,"udid":"RR8N4031D4A"},"platformName":"android","chromedriverPort":60908,"appActivity":".Settings","appPackage":"com.android.settings","autoGrantPermissions":true,"automationName":"uiautomator2","deviceName":"RR8N4031D4A","newCommandTimeout":1800,"platformVersion":"10","systemPort":8280,"udid":"RR8N4031D4A","deviceUDID":"RR8N4031D4A","deviceApiLevel":29,"deviceScreenSize":"720x1560","deviceScreenDensity":280,"deviceModel":"SM-A307GN","deviceManufacturer":"samsung","pixelRatio":1.75,"statBarHeight":53,"vi...
[35m[HTTP][39m [37m<-- GET /wd/hub/session/55084614-f07e-4155-89dc-51863eee05be [39m[32m200[39m [90m15 ms - 1111[39m
[35m[HTTP][39m [90m[39m
[35m[HTTP][39m [37m-->[39m [37mGET[39m [37m/wd/hub/session/55084614-f07e-4155-89dc-51863eee05be[39m
[35m[HTTP][39m [90m{}[39m
[debug] [35m[W3C (55084614)][39m Calling AppiumDriver.getSession() with args: ["55084614-f07e-4155-89dc-51863eee05be"]
[debug] [35m[UiAutomator2][39m Getting session details from server to mix in
[debug] [35m[WD Proxy][39m Matched '/' to command name 'getSession'
[debug] [35m[WD Proxy][39m Proxying [GET /] to [GET http://127.0.0.1:8280/wd/hub/session/ca8238d0-0f84-4b48-b41e-fec90e151fd1] with no body
[debug] [35m[WD Proxy][39m Got response with status 200: {"sessionId":"ca8238d0-0f84-4b48-b41e-fec90e151fd1","value":{"lastScrollData":null}}
[debug] [35m[W3C (55084614)][39m Responding to client with driver.getSession() result: {"platform":"ANDROID","webStorageEnabled":false,"takesScreenshot":true,"javascriptEnabled":true,"databaseEnabled":false,"networkConnectionEnabled":true,"locationContextEnabled":false,"warnings":{},"desired":{"platformName":"android","platform":"ANDROID","chromedriverPort":60908,"appActivity":".Settings","appPackage":"com.android.settings","autoGrantPermissions":true,"automationName":"uiautomator2","deviceName":"samsung SM-A307GN (Android 10)","newCommandTimeout":1800,"platformVersion":"10","systemPort":8280,"udid":"RR8N4031D4A"},"platformName":"android","chromedriverPort":60908,"appActivity":".Settings","appPackage":"com.android.settings","autoGrantPermissions":true,"automationName":"uiautomator2","deviceName":"RR8N4031D4A","newCommandTimeout":1800,"platformVersion":"10","systemPort":8280,"udid":"RR8N4031D4A","deviceUDID":"RR8N4031D4A","deviceApiLevel":29,"deviceScreenSize":"720x1560","deviceScreenDensity":280,"deviceModel":"SM-A307GN","deviceManufacturer":"samsung","pixelRatio":1.75,"statBarHeight":53,"vi...
[35m[HTTP][39m [37m<-- GET /wd/hub/session/55084614-f07e-4155-89dc-51863eee05be [39m[32m200[39m [90m21 ms - 1111[39m
[35m[HTTP][39m [90m[39m
[35m[HTTP][39m [37m-->[39m [37mGET[39m [37m/wd/hub/status[39m
[35m[HTTP][39m [90m{}[39m
[debug] [35m[GENERIC][39m Calling AppiumDriver.getStatus() with args: []
[debug] [35m[GENERIC][39m Responding to client with driver.getStatus() result: {"build":{"version":"1.18.1"}}
[35m[HTTP][39m [37m<-- GET /wd/hub/status [39m[32m200[39m [90m1 ms - 68[39m
[35m[HTTP][39m [90m[39m
[35m[HTTP][39m [37m-->[39m [37mPOST[39m [37m/wd/hub/session/55084614-f07e-4155-89dc-51863eee05be/timeouts[39m
[35m[HTTP][39m [90m{"implicit":60000}[39m
[debug] [35m[W3C (55084614)][39m Calling AppiumDriver.timeouts() with args: [null,null,null,null,60000,"55084614-f07e-4155-89dc-51863eee05be"]
[debug] [35m[BaseDriver][39m W3C timeout argument: {"implicit":60000}}
[debug] [35m[BaseDriver][39m Set implicit wait to 60000ms
[debug] [35m[W3C (55084614)][39m Responding to client with driver.timeouts() result: null
[35m[HTTP][39m [37m<-- POST /wd/hub/session/55084614-f07e-4155-89dc-51863eee05be/timeouts [39m[32m200[39m [90m7 ms - 14[39m
[35m[HTTP][39m [90m[39m
[35m[HTTP][39m [37m-->[39m [37mPOST[39m [37m/wd/hub/session/55084614-f07e-4155-89dc-51863eee05be/appium/device/activate_app[39m
[35m[HTTP][39m [90m{"bundleId":"nl.sense.goalie2"}[39m
[debug] [35m[W3C (55084614)][39m Calling AppiumDriver.activateApp() with args: ["nl.sense.goalie2",null,null,null,"55084614-f07e-4155-89dc-51863eee05be"]
[debug] [35m[AndroidDriver][39m Activating 'nl.sense.goalie2' with 'adb shell monkey -p nl.sense.goalie2 -c android.intent.category.LAUNCHER 1' command
[debug] [35m[ADB][39m Running '/Users/happyfresh/.katalon/tools/android_sdk/platform-tools/adb -P 5037 -s RR8N4031D4A shell monkey -p nl.sense.goalie2 -c android.intent.category.LAUNCHER 1'
[debug] [35m[AndroidDriver][39m Command stdout: bash arg: -p
[debug] [35m[AndroidDriver][39m   bash arg: nl.sense.goalie2
[debug] [35m[AndroidDriver][39m   bash arg: -c
[debug] [35m[AndroidDriver][39m   bash arg: android.intent.category.LAUNCHER
[debug] [35m[AndroidDriver][39m   bash arg: 1
[debug] [35m[AndroidDriver][39m Events injected: 1
[debug] [35m[AndroidDriver][39m ## Network stats: elapsed time=75ms (0ms mobile, 0ms wifi, 75ms not connected)
[debug] [35m[W3C (55084614)][39m Responding to client with driver.activateApp() result: null
[35m[HTTP][39m [37m<-- POST /wd/hub/session/55084614-f07e-4155-89dc-51863eee05be/appium/device/activate_app [39m[32m200[39m [90m1337 ms - 14[39m
[35m[HTTP][39m [90m[39m
[35m[HTTP][39m [37m-->[39m [37mGET[39m [37m/wd/hub/session/55084614-f07e-4155-89dc-51863eee05be/source[39m
[35m[HTTP][39m [90m{}[39m
[35m[W3C (55084614)][39m Driver proxy active, passing request on via HTTP proxy
[debug] [35m[WD Proxy][39m Matched '/wd/hub/session/55084614-f07e-4155-89dc-51863eee05be/source' to command name 'getPageSource'
[debug] [35m[WD Proxy][39m Proxying [GET /wd/hub/session/55084614-f07e-4155-89dc-51863eee05be/source] to [GET http://127.0.0.1:8280/wd/hub/session/ca8238d0-0f84-4b48-b41e-fec90e151fd1/source] with no body
[debug] [35m[WD Proxy][39m Got response with status 200: {"sessionId":"ca8238d0-0f84-4b48-b41e-fec90e151fd1","value":"<?xml version='1.0' encoding='UTF-8' standalone='yes' ?>\r\n<hierarchy index=\"0\" class=\"hierarchy\" rotation=\"0\" width=\"720\" height=\"1481\">\r\n  <android.widget.FrameLayout index=\"0\" package=\"nl.sense.goalie2\" class=\"android.widget.FrameLayout\" text=\"\" checkable=\"false\" checked=\"false\" clickable=\"false\" enabled=\"true\" focusable=\"false\" focused=\"false\" long-clickable=\"false\" password=\"false\" scrollable=\"false\" selected=\"false\" bounds=\"[0,0][720,1481]\" displayed=\"true\">\r\n    <android.widget.LinearLayout index=\"0\" package=\"nl.sense.goalie2\" class=\"android.widget.LinearLayout\" text=\"\" checkable=\"false\" checked=\"false\" clickable=\"false\" enabled=\"true\" focusable=\"false\" focused=\"false\" long-clickable=\"false\" password=\"false\" scrollable=\"false\" selected=\"false\" bounds=\"[0,0][720,1481]\" displayed=\"true\">\r\n      <android.widget.FrameLayout index=\"0\" package=\"nl.sense.goalie2\"...
[35m[WD Proxy][39m Replacing sessionId ca8238d0-0f84-4b48-b41e-fec90e151fd1 with 55084614-f07e-4155-89dc-51863eee05be
[35m[HTTP][39m [37m<-- GET /wd/hub/session/55084614-f07e-4155-89dc-51863eee05be/source [39m[32m200[39m [90m1390 ms - 11121[39m
[35m[HTTP][39m [90m[39m
[35m[HTTP][39m [37m-->[39m [37mGET[39m [37m/wd/hub/session/55084614-f07e-4155-89dc-51863eee05be/screenshot[39m
[35m[HTTP][39m [90m{}[39m
[debug] [35m[W3C (55084614)][39m Calling AppiumDriver.getScreenshot() with args: ["55084614-f07e-4155-89dc-51863eee05be"]
[debug] [35m[WD Proxy][39m Matched '/screenshot' to command name 'getScreenshot'
[debug] [35m[WD Proxy][39m Proxying [GET /screenshot] to [GET http://127.0.0.1:8280/wd/hub/session/ca8238d0-0f84-4b48-b41e-fec90e151fd1/screenshot] with no body
[debug] [35m[WD Proxy][39m Got response with status 200: {"sessionId":"ca8238d0-0f84-4b48-b41e-fec90e151fd1","value":"iVBORw0KGgoAAAANSUhEUgAAAtAAAAYYCAYAAACwo/9WAAAAAXNSR0IArs4c6QAAAARzQklUCAgI\nCHwIZIgAACAASURBVHic7N15XFT1/j/w1xlgABEREZBFWUVxA9EUREvJXVHbNMv2fbN7v93yttzu\n1fre289vt1vZLavbrbyZlpWZprnlkma4oLiLG4qAoIiAAjPDzOf3B81chnNmmDMLi72ej8c8lM85\n53M+Z533fM7nfD7Ss88+K0BERERERA7RtHYBiIiIiIjaEwbQREREREQqMIAmIiIiIlKBATQRERER\nkQoMoImIiIiIVGAATURERESkAgNoIiIiIiIVGEATEREREanAAJqIiIiISAUG0EREREREKjCAJiIi\nIiJSgQE0EREREZEKDKCJiIiIiFRgAE1EREREpIJ3axeAqDX4aOqRHnUIGVEHEaypgjCYINWbGibW\nC5Tou+LH0utwuDIRJiG5ZZ2SJGHAgAEIDg6GJKnPUwiB8+fP49ixYxBCuKVMREREpB4D6N84SZLg\n5eWF+vr6Vlm3r68vfH19odFoYDQaUVdXB4PB4LEAUQLw8NCV6OFXDI1JAMaGj2RenUkAQqCbpgx3\nhK2CCAX+duoRXDF2cHndaWlpGDRokEt59OzZE5cvX8b58+ddLg8R/XZptVoAgF6vb+WS0G9Nhw7K\n36c1NTUtXBLXMID+jYuOjkZSUhL27t2LS5cutei6Y2JiMGjQIAQFBcFkMkGSJJSXl2P79u0oLy93\n+/rCOlbg98O+BgwmwOTYMhqTCb+L+RT/e+oxaEwCRo3ztdGxsbEAgGPHjuHq1auql4+IiEBERATS\n09Px7bffOl0OImrfYmNjUVxcbDf41Wq1GDlyJEpKSnDgwAHZtOzsbADAypUrGURTi/Hz80NMTIzi\ntNOnT6Ourq6FS+S8dhdAh4aG...
[debug] [35m[W3C (55084614)][39m Responding to client with driver.getScreenshot() result: "iVBORw0KGgoAAAANSUhEUgAAAtAAAAYYCAYAAACwo/9WAAAAAXNSR0IArs4c6QAAAARzQklUCAgI\nCHwIZIgAACAASURBVHic7N15XFT1/j/w1xlgABEREZBFWUVxA9EUREvJXVHbNMv2fbN7v93yttzu\n1fre289vt1vZLavbrbyZlpWZprnlkma4oLiLG4qAoIiAAjPDzOf3B81chnNmmDMLi72ej8c8lM85\n53M+Z533fM7nfD7Ss88+K0BERERERA7RtHYBiIiIiIjaEwbQREREREQqMIAmIiIiIlKBATQRERER\nkQoMoImIiIiIVGAATURERESkAgNoIiIiIiIVGEATEREREanAAJqIiIiISAUG0EREREREKjCAJiIi\nIiJSgQE0EREREZEKDKCJiIiIiFRgAE1EREREpIJ3axeAqDX4aOqRHnUIGVEHEaypgjCYINWbGibW\nC5Tou+LH0utwuDIRJiG5ZZ2SJGHAgAEIDg6GJKnPUwiB8+fP49ixYxBCuKVMREREpB4D6N84SZLg\n5eWF+vr6Vlm3r68vfH19odFoYDQaUVdXB4PB4LEAUQLw8NCV6OFXDI1JAMaGj2RenUkAQqCbpgx3\nhK2CCAX+duoRXDF2cHndaWlpGDRokEt59OzZE5cvX8b58+ddLg8R/XZptVoAgF6vb+WS0G9Nhw7K\n36c1NTUtXBLXMID+jYuOjkZSUhL27t2LS5cutei6Y2JiMGjQIAQFBcFkMkGSJJSXl2P79u0oLy93\n+/rCOlbg98O+BgwmwOTYMhqTCb+L+RT/e+oxaEwCRo3ztdGxsbEAgGPHjuHq1auql4+IiEBERATS\n09Px7bffOl0OImrfYmNjUVxcbDf41Wq1GDlyJEpKSnDgwAHZtOzsbADAypUrGURTi/Hz80NMTIzi\ntNOnT6Ourq6FS+S8dhdAh4aGolevXggODoaXlxdqa2tx/vx5HDp0qNlaVFeWdURwcDB69+6NM2fO\noLi4uN...
[35m[HTTP][39m [37m<-- GET /wd/hub/session/55084614-f07e-4155-89dc-51863eee05be/screenshot [39m[32m200[39m [90m652 ms - 88214[39m
[35m[HTTP][39m [90m[39m
[35m[HTTP][39m [37m-->[39m [37mPOST[39m [37m/wd/hub/session/55084614-f07e-4155-89dc-51863eee05be/elements[39m
[35m[HTTP][39m [90m{"using":"accessibility id","value":"Welcome to NiceDay"}[39m
[debug] [35m[W3C (55084614)][39m Calling AppiumDriver.findElements() with args: ["accessibility id","Welcome to NiceDay","55084614-f07e-4155-89dc-51863eee05be"]
[debug] [35m[BaseDriver][39m Valid locator strategies for this request: xpath, id, class name, accessibility id, -android uiautomator
[debug] [35m[BaseDriver][39m Waiting up to 60000 ms for condition
[debug] [35m[WD Proxy][39m Matched '/elements' to command name 'findElements'
[debug] [35m[WD Proxy][39m Proxying [POST /elements] to [POST http://127.0.0.1:8280/wd/hub/session/ca8238d0-0f84-4b48-b41e-fec90e151fd1/elements] with body: {"strategy":"accessibility id","selector":"Welcome to NiceDay","context":"","multiple":true}
[debug] [35m[WD Proxy][39m Got response with status 200: {"sessionId":"ca8238d0-0f84-4b48-b41e-fec90e151fd1","value":[{"ELEMENT":"1281942a-1d68-4678-924a-a5c927e054dd","element-6066-11e4-a52e-4f735466cecf":"1281942a-1d68-4678-924a-a5c927e054dd"}]}
[debug] [35m[W3C (55084614)][39m Responding to client with driver.findElements() result: [{"element-6066-11e4-a52e-4f735466cecf":"1281942a-1d68-4678-924a-a5c927e054dd","ELEMENT":"1281942a-1d68-4678-924a-a5c927e054dd"}]
[35m[HTTP][39m [37m<-- POST /wd/hub/session/55084614-f07e-4155-89dc-51863eee05be/elements [39m[32m200[39m [90m171 ms - 139[39m
[35m[HTTP][39m [90m[39m
[35m[HTTP][39m [37m-->[39m [37mDELETE[39m [37m/wd/hub/session/55084614-f07e-4155-89dc-51863eee05be[39m
[35m[HTTP][39m [90m{}[39m
[debug] [35m[W3C (55084614)][39m Calling AppiumDriver.deleteSession() with args: ["55084614-f07e-4155-89dc-51863eee05be"]
[debug] [35m[BaseDriver][39m Event 'quitSessionRequested' logged at 1598635208125 (00:20:08 GMT+0700 (Western Indonesia Time))
[35m[Appium][39m Removing session 55084614-f07e-4155-89dc-51863eee05be from our master session list
[debug] [35m[UiAutomator2][39m Deleting UiAutomator2 session
[debug] [35m[UiAutomator2][39m Deleting UiAutomator2 server session
[debug] [35m[WD Proxy][39m Matched '/' to command name 'deleteSession'
[debug] [35m[WD Proxy][39m Proxying [DELETE /] to [DELETE http://127.0.0.1:8280/wd/hub/session/ca8238d0-0f84-4b48-b41e-fec90e151fd1] with no body
[debug] [35m[WD Proxy][39m Got response with status 200: {"sessionId":"ca8238d0-0f84-4b48-b41e-fec90e151fd1","value":null}
[debug] [35m[ADB][39m Running '/Users/happyfresh/.katalon/tools/android_sdk/platform-tools/adb -P 5037 -s RR8N4031D4A shell am force-stop com.android.settings'
[debug] [35m[Logcat][39m Stopping logcat capture
[debug] [35m[ADB][39m Removing forwarded port socket connection: 8280 
[debug] [35m[ADB][39m Running '/Users/happyfresh/.katalon/tools/android_sdk/platform-tools/adb -P 5037 -s RR8N4031D4A forward --remove tcp\:8280'
[35m[UiAutomator2][39m Restoring hidden api policy to the device default configuration
[debug] [35m[ADB][39m Running '/Users/happyfresh/.katalon/tools/android_sdk/platform-tools/adb -P 5037 -s RR8N4031D4A shell 'settings delete global hidden_api_policy_pre_p_apps;settings delete global hidden_api_policy_p_apps;settings delete global hidden_api_policy''
[debug] [35m[BaseDriver][39m Event 'quitSessionFinished' logged at 1598635208619 (00:20:08 GMT+0700 (Western Indonesia Time))
[debug] [35m[W3C (55084614)][39m Received response: null
[debug] [35m[W3C (55084614)][39m But deleting session, so not returning
[debug] [35m[W3C (55084614)][39m Responding to client with driver.deleteSession() result: null
[debug] [35m[W3C (55084614)][39m Destroying socket connection
[35m[HTTP][39m [37m<-- DELETE /wd/hub/session/55084614-f07e-4155-89dc-51863eee05be [39m[32m200[39m [90m500 ms - 14[39m
[35m[HTTP][39m [90m[39m
